#! /usr/local/Cellar/icarus-verilog/10.3/bin/vvp
:ivl_version "10.3 (stable)" "(v10_3)";
:ivl_delay_selection "TYPICAL";
:vpi_time_precision - 12;
:vpi_module "system";
:vpi_module "vhdl_sys";
:vpi_module "v2005_math";
:vpi_module "va_math";
S_0x7fb9a9e247b0 .scope module, "RAM_4Kx32" "RAM_4Kx32" 2 5;
 .timescale -9 -12;
    .port_info 0 /INPUT 1 "CLK"
    .port_info 1 /INPUT 4 "WE"
    .port_info 2 /INPUT 1 "EN"
    .port_info 3 /INPUT 32 "Di"
    .port_info 4 /OUTPUT 32 "Do"
    .port_info 5 /INPUT 13 "A"
P_0x7fb9a9e1c270 .param/l "BLOCKS" 0 2 5, +C4<00000000000000000000000000000100>;
o0x7fb9a9d32758 .functor BUFZ 13, C4<zzzzzzzzzzzzz>; HiZ drive
v0x7fb9a9e35bc0_0 .net "A", 12 0, o0x7fb9a9d32758;  0 drivers
o0x7fb9a9d32038 .functor BUFZ 1, C4<z>; HiZ drive
v0x7fb9a9e35c70_0 .net "CLK", 0 0, o0x7fb9a9d32038;  0 drivers
o0x7fb9a9d32068 .functor BUFZ 32, C4<zzzzzzzzzzzzzzzzzzzzzzzzzzzzzzzz>; HiZ drive
v0x7fb9a9e35d90_0 .net "Di", 31 0, o0x7fb9a9d32068;  0 drivers
v0x7fb9a9e35ec0_0 .net "Do", 31 0, L_0x7fb9a9e39520;  1 drivers
o0x7fb9a9d327b8 .functor BUFZ 1, C4<z>; HiZ drive
v0x7fb9a9e35f50_0 .net "EN", 0 0, o0x7fb9a9d327b8;  0 drivers
o0x7fb9a9d320f8 .functor BUFZ 4, C4<zzzz>; HiZ drive
v0x7fb9a9e35fe0_0 .net "WE", 3 0, o0x7fb9a9d320f8;  0 drivers
v0x7fb9a9e360f0 .array "_Do_", 0 7;
v0x7fb9a9e360f0_0 .net v0x7fb9a9e360f0 0, 31 0, v0x7fb9a9e32b80_0; 1 drivers
v0x7fb9a9e360f0_1 .net v0x7fb9a9e360f0 1, 31 0, v0x7fb9a9e33700_0; 1 drivers
v0x7fb9a9e360f0_2 .net v0x7fb9a9e360f0 2, 31 0, v0x7fb9a9e34270_0; 1 drivers
v0x7fb9a9e360f0_3 .net v0x7fb9a9e360f0 3, 31 0, v0x7fb9a9e34e00_0; 1 drivers
L_0x7fb9a9d63008 .functor BUFT 1, C4<00000000000000000000000000000000>, C4<0>, C4<0>, C4<0>;
v0x7fb9a9e360f0_4 .net v0x7fb9a9e360f0 4, 31 0, L_0x7fb9a9d63008; 1 drivers
L_0x7fb9a9d63050 .functor BUFT 1, C4<00000000000000000000000000000000>, C4<0>, C4<0>, C4<0>;
v0x7fb9a9e360f0_5 .net v0x7fb9a9e360f0 5, 31 0, L_0x7fb9a9d63050; 1 drivers
L_0x7fb9a9d63098 .functor BUFT 1, C4<00000000000000000000000000000000>, C4<0>, C4<0>, C4<0>;
v0x7fb9a9e360f0_6 .net v0x7fb9a9e360f0 6, 31 0, L_0x7fb9a9d63098; 1 drivers
L_0x7fb9a9d630e0 .functor BUFT 1, C4<00000000000000000000000000000000>, C4<0>, C4<0>, C4<0>;
v0x7fb9a9e360f0_7 .net v0x7fb9a9e360f0 7, 31 0, L_0x7fb9a9d630e0; 1 drivers
v0x7fb9a9e361e0_0 .net "_EN_", 7 0, L_0x7fb9a9e39680;  1 drivers
v0x7fb9a9e36290_0 .net *"_s11", 1 0, L_0x7fb9a9e38030;  1 drivers
L_0x7fb9a9d63128 .functor BUFT 1, C4<00>, C4<0>, C4<0>, C4<0>;
v0x7fb9a9e363c0_0 .net/2u *"_s12", 1 0, L_0x7fb9a9d63128;  1 drivers
v0x7fb9a9e36470_0 .net *"_s14", 0 0, L_0x7fb9a9e38120;  1 drivers
v0x7fb9a9e36510_0 .net *"_s19", 1 0, L_0x7fb9a9e38240;  1 drivers
L_0x7fb9a9d63170 .functor BUFT 1, C4<01>, C4<0>, C4<0>, C4<0>;
v0x7fb9a9e365c0_0 .net/2u *"_s20", 1 0, L_0x7fb9a9d63170;  1 drivers
v0x7fb9a9e36670_0 .net *"_s22", 0 0, L_0x7fb9a9e38340;  1 drivers
v0x7fb9a9e36710_0 .net *"_s27", 1 0, L_0x7fb9a9e38460;  1 drivers
L_0x7fb9a9d631b8 .functor BUFT 1, C4<10>, C4<0>, C4<0>, C4<0>;
v0x7fb9a9e367c0_0 .net/2u *"_s28", 1 0, L_0x7fb9a9d631b8;  1 drivers
v0x7fb9a9e36870_0 .net *"_s30", 0 0, L_0x7fb9a9e38570;  1 drivers
v0x7fb9a9e36a00_0 .net *"_s35", 1 0, L_0x7fb9a9e38650;  1 drivers
L_0x7fb9a9d63200 .functor BUFT 1, C4<11>, C4<0>, C4<0>, C4<0>;
v0x7fb9a9e36a90_0 .net/2u *"_s36", 1 0, L_0x7fb9a9d63200;  1 drivers
v0x7fb9a9e36b30_0 .net *"_s38", 0 0, L_0x7fb9a9e387f0;  1 drivers
v0x7fb9a9e36bd0_0 .net *"_s41", 1 0, L_0x7fb9a9e388d0;  1 drivers
L_0x7fb9a9d63248 .functor BUFT 1, C4<00>, C4<0>, C4<0>, C4<0>;
v0x7fb9a9e36c80_0 .net/2u *"_s42", 1 0, L_0x7fb9a9d63248;  1 drivers
v0x7fb9a9e36d30_0 .net *"_s44", 0 0, L_0x7fb9a9e38a00;  1 drivers
v0x7fb9a9e36dd0_0 .net *"_s48", 1 0, L_0x7fb9a9e38ae0;  1 drivers
L_0x7fb9a9d63290 .functor BUFT 1, C4<01>, C4<0>, C4<0>, C4<0>;
v0x7fb9a9e36e80_0 .net/2u *"_s49", 1 0, L_0x7fb9a9d63290;  1 drivers
v0x7fb9a9e36f30_0 .net *"_s51", 0 0, L_0x7fb9a9e38c20;  1 drivers
v0x7fb9a9e36fd0_0 .net *"_s55", 1 0, L_0x7fb9a9e38d00;  1 drivers
L_0x7fb9a9d632d8 .functor BUFT 1, C4<10>, C4<0>, C4<0>, C4<0>;
v0x7fb9a9e37080_0 .net/2u *"_s56", 1 0, L_0x7fb9a9d632d8;  1 drivers
v0x7fb9a9e37130_0 .net *"_s58", 0 0, L_0x7fb9a9e38b80;  1 drivers
v0x7fb9a9e371d0_0 .net *"_s62", 1 0, L_0x7fb9a9e38ed0;  1 drivers
L_0x7fb9a9d63320 .functor BUFT 1, C4<11>, C4<0>, C4<0>, C4<0>;
v0x7fb9a9e37280_0 .net/2u *"_s63", 1 0, L_0x7fb9a9d63320;  1 drivers
v0x7fb9a9e37330_0 .net *"_s65", 0 0, L_0x7fb9a9e38da0;  1 drivers
L_0x7fb9a9d63368 .functor BUFT 1, C4<00000000000000000000000000000000>, C4<0>, C4<0>, C4<0>;
v0x7fb9a9e373d0_0 .net/2u *"_s68", 31 0, L_0x7fb9a9d63368;  1 drivers
v0x7fb9a9e36920_0 .net *"_s70", 31 0, L_0x7fb9a9e390d0;  1 drivers
v0x7fb9a9e37660_0 .net *"_s72", 31 0, L_0x7fb9a9e39240;  1 drivers
v0x7fb9a9e376f0_0 .net *"_s74", 31 0, L_0x7fb9a9e393a0;  1 drivers
o0x7fb9a9d32e18 .functor BUFZ 4, C4<zzzz>; HiZ drive
; Elide local net with no drivers, v0x7fb9a9e37790_0 name=_s80
L_0x7fb9a9e378d0 .part L_0x7fb9a9e39680, 0, 1;
L_0x7fb9a9e37970 .part o0x7fb9a9d32758, 0, 10;
L_0x7fb9a9e37a10 .part L_0x7fb9a9e39680, 1, 1;
L_0x7fb9a9e37af0 .part o0x7fb9a9d32758, 0, 10;
L_0x7fb9a9e37bf0 .part L_0x7fb9a9e39680, 2, 1;
L_0x7fb9a9e37c90 .part o0x7fb9a9d32758, 0, 10;
L_0x7fb9a9e37d50 .part L_0x7fb9a9e39680, 3, 1;
L_0x7fb9a9e37e90 .part o0x7fb9a9d32758, 0, 10;
L_0x7fb9a9e38030 .part o0x7fb9a9d32758, 10, 2;
L_0x7fb9a9e38120 .cmp/eq 2, L_0x7fb9a9e38030, L_0x7fb9a9d63128;
L_0x7fb9a9e38240 .part o0x7fb9a9d32758, 10, 2;
L_0x7fb9a9e38340 .cmp/eq 2, L_0x7fb9a9e38240, L_0x7fb9a9d63170;
L_0x7fb9a9e38460 .part o0x7fb9a9d32758, 10, 2;
L_0x7fb9a9e38570 .cmp/eq 2, L_0x7fb9a9e38460, L_0x7fb9a9d631b8;
L_0x7fb9a9e38650 .part o0x7fb9a9d32758, 10, 2;
L_0x7fb9a9e387f0 .cmp/eq 2, L_0x7fb9a9e38650, L_0x7fb9a9d63200;
L_0x7fb9a9e388d0 .part o0x7fb9a9d32758, 10, 2;
L_0x7fb9a9e38a00 .cmp/eq 2, L_0x7fb9a9e388d0, L_0x7fb9a9d63248;
L_0x7fb9a9e38ae0 .part o0x7fb9a9d32758, 10, 2;
L_0x7fb9a9e38c20 .cmp/eq 2, L_0x7fb9a9e38ae0, L_0x7fb9a9d63290;
L_0x7fb9a9e38d00 .part o0x7fb9a9d32758, 10, 2;
L_0x7fb9a9e38b80 .cmp/eq 2, L_0x7fb9a9e38d00, L_0x7fb9a9d632d8;
L_0x7fb9a9e38ed0 .part o0x7fb9a9d32758, 10, 2;
L_0x7fb9a9e38da0 .cmp/eq 2, L_0x7fb9a9e38ed0, L_0x7fb9a9d63320;
L_0x7fb9a9e390d0 .functor MUXZ 32, L_0x7fb9a9d63368, v0x7fb9a9e34e00_0, L_0x7fb9a9e38da0, C4<>;
L_0x7fb9a9e39240 .functor MUXZ 32, L_0x7fb9a9e390d0, v0x7fb9a9e34270_0, L_0x7fb9a9e38b80, C4<>;
L_0x7fb9a9e393a0 .functor MUXZ 32, L_0x7fb9a9e39240, v0x7fb9a9e33700_0, L_0x7fb9a9e38c20, C4<>;
L_0x7fb9a9e39520 .functor MUXZ 32, L_0x7fb9a9e393a0, v0x7fb9a9e32b80_0, L_0x7fb9a9e38a00, C4<>;
LS_0x7fb9a9e39680_0_0 .concat [ 1 1 1 1], L_0x7fb9a9e38120, L_0x7fb9a9e38340, L_0x7fb9a9e38570, L_0x7fb9a9e387f0;
LS_0x7fb9a9e39680_0_4 .concat [ 4 0 0 0], o0x7fb9a9d32e18;
L_0x7fb9a9e39680 .concat [ 4 4 0 0], LS_0x7fb9a9e39680_0_0, LS_0x7fb9a9e39680_0_4;
S_0x7fb9a9e1a3c0 .scope generate, "genblk1[0]" "genblk1[0]" 2 26, 2 26 0, S_0x7fb9a9e247b0;
 .timescale -9 -12;
P_0x7fb9a9e16540 .param/l "gi" 0 2 26, +C4<00>;
S_0x7fb9a9e184c0 .scope module, "RAM" "DFFRAM_beh" 2 33, 3 1 0, S_0x7fb9a9e1a3c0;
 .timescale -9 -12;
    .port_info 0 /INPUT 1 "CLK"
    .port_info 1 /INPUT 4 "WE"
    .port_info 2 /INPUT 1 "EN"
    .port_info 3 /INPUT 32 "Di"
    .port_info 4 /OUTPUT 32 "Do"
    .port_info 5 /INPUT 10 "A"
P_0x7fb9a9e1b990 .param/l "A_WIDTH" 1 3 10, +C4<000000000000000000000000000001010>;
P_0x7fb9a9e1b9d0 .param/l "COLS" 0 3 1, +C4<00000000000000000000000000000100>;
v0x7fb9a9e1e200_0 .net "A", 9 0, L_0x7fb9a9e37970;  1 drivers
v0x7fb9a9e32a50_0 .net "CLK", 0 0, o0x7fb9a9d32038;  alias, 0 drivers
v0x7fb9a9e32af0_0 .net "Di", 31 0, o0x7fb9a9d32068;  alias, 0 drivers
v0x7fb9a9e32b80_0 .var "Do", 31 0;
v0x7fb9a9e32c10_0 .net "EN", 0 0, L_0x7fb9a9e378d0;  1 drivers
v0x7fb9a9e32ce0 .array "RAM", 0 1023, 31 0;
v0x7fb9a9e32d70_0 .net "WE", 3 0, o0x7fb9a9d320f8;  alias, 0 drivers
E_0x7fb9a9e16bd0 .event posedge, v0x7fb9a9e32a50_0;
S_0x7fb9a9e32ea0 .scope generate, "genblk1[1]" "genblk1[1]" 2 26, 2 26 0, S_0x7fb9a9e247b0;
 .timescale -9 -12;
P_0x7fb9a9e33050 .param/l "gi" 0 2 26, +C4<01>;
S_0x7fb9a9e330d0 .scope module, "RAM" "DFFRAM_beh" 2 33, 3 1 0, S_0x7fb9a9e32ea0;
 .timescale -9 -12;
    .port_info 0 /INPUT 1 "CLK"
    .port_info 1 /INPUT 4 "WE"
    .port_info 2 /INPUT 1 "EN"
    .port_info 3 /INPUT 32 "Di"
    .port_info 4 /OUTPUT 32 "Do"
    .port_info 5 /INPUT 10 "A"
P_0x7fb9a9e33280 .param/l "A_WIDTH" 1 3 10, +C4<000000000000000000000000000001010>;
P_0x7fb9a9e332c0 .param/l "COLS" 0 3 1, +C4<00000000000000000000000000000100>;
v0x7fb9a9e33550_0 .net "A", 9 0, L_0x7fb9a9e37af0;  1 drivers
v0x7fb9a9e335e0_0 .net "CLK", 0 0, o0x7fb9a9d32038;  alias, 0 drivers
v0x7fb9a9e33670_0 .net "Di", 31 0, o0x7fb9a9d32068;  alias, 0 drivers
v0x7fb9a9e33700_0 .var "Do", 31 0;
v0x7fb9a9e33790_0 .net "EN", 0 0, L_0x7fb9a9e37a10;  1 drivers
v0x7fb9a9e33820 .array "RAM", 0 1023, 31 0;
v0x7fb9a9e338c0_0 .net "WE", 3 0, o0x7fb9a9d320f8;  alias, 0 drivers
S_0x7fb9a9e339e0 .scope generate, "genblk1[2]" "genblk1[2]" 2 26, 2 26 0, S_0x7fb9a9e247b0;
 .timescale -9 -12;
P_0x7fb9a9e33bc0 .param/l "gi" 0 2 26, +C4<010>;
S_0x7fb9a9e33c40 .scope module, "RAM" "DFFRAM_beh" 2 33, 3 1 0, S_0x7fb9a9e339e0;
 .timescale -9 -12;
    .port_info 0 /INPUT 1 "CLK"
    .port_info 1 /INPUT 4 "WE"
    .port_info 2 /INPUT 1 "EN"
    .port_info 3 /INPUT 32 "Di"
    .port_info 4 /OUTPUT 32 "Do"
    .port_info 5 /INPUT 10 "A"
P_0x7fb9a9e33df0 .param/l "A_WIDTH" 1 3 10, +C4<000000000000000000000000000001010>;
P_0x7fb9a9e33e30 .param/l "COLS" 0 3 1, +C4<00000000000000000000000000000100>;
v0x7fb9a9e340c0_0 .net "A", 9 0, L_0x7fb9a9e37c90;  1 drivers
v0x7fb9a9e34150_0 .net "CLK", 0 0, o0x7fb9a9d32038;  alias, 0 drivers
v0x7fb9a9e341e0_0 .net "Di", 31 0, o0x7fb9a9d32068;  alias, 0 drivers
v0x7fb9a9e34270_0 .var "Do", 31 0;
v0x7fb9a9e34300_0 .net "EN", 0 0, L_0x7fb9a9e37bf0;  1 drivers
v0x7fb9a9e343d0 .array "RAM", 0 1023, 31 0;
v0x7fb9a9e34460_0 .net "WE", 3 0, o0x7fb9a9d320f8;  alias, 0 drivers
S_0x7fb9a9e345a0 .scope generate, "genblk1[3]" "genblk1[3]" 2 26, 2 26 0, S_0x7fb9a9e247b0;
 .timescale -9 -12;
P_0x7fb9a9e34750 .param/l "gi" 0 2 26, +C4<011>;
S_0x7fb9a9e347e0 .scope module, "RAM" "DFFRAM_beh" 2 33, 3 1 0, S_0x7fb9a9e345a0;
 .timescale -9 -12;
    .port_info 0 /INPUT 1 "CLK"
    .port_info 1 /INPUT 4 "WE"
    .port_info 2 /INPUT 1 "EN"
    .port_info 3 /INPUT 32 "Di"
    .port_info 4 /OUTPUT 32 "Do"
    .port_info 5 /INPUT 10 "A"
P_0x7fb9a9e34990 .param/l "A_WIDTH" 1 3 10, +C4<000000000000000000000000000001010>;
P_0x7fb9a9e349d0 .param/l "COLS" 0 3 1, +C4<00000000000000000000000000000100>;
v0x7fb9a9e34c50_0 .net "A", 9 0, L_0x7fb9a9e37e90;  1 drivers
v0x7fb9a9e34ce0_0 .net "CLK", 0 0, o0x7fb9a9d32038;  alias, 0 drivers
v0x7fb9a9e34d70_0 .net "Di", 31 0, o0x7fb9a9d32068;  alias, 0 drivers
v0x7fb9a9e34e00_0 .var "Do", 31 0;
v0x7fb9a9e34e90_0 .net "EN", 0 0, L_0x7fb9a9e37d50;  1 drivers
v0x7fb9a9e34f20 .array "RAM", 0 1023, 31 0;
v0x7fb9a9e34fb0_0 .net "WE", 3 0, o0x7fb9a9d320f8;  alias, 0 drivers
S_0x7fb9a9e350d0 .scope generate, "genblk2" "genblk2" 2 41, 2 41 0, S_0x7fb9a9e247b0;
 .timescale -9 -12;
S_0x7fb9a9e352c0 .scope generate, "genblk3[4]" "genblk3[4]" 2 42, 2 42 0, S_0x7fb9a9e350d0;
 .timescale -9 -12;
P_0x7fb9a9e35470 .param/l "gi" 0 2 42, +C4<0100>;
S_0x7fb9a9e354f0 .scope generate, "genblk3[5]" "genblk3[5]" 2 42, 2 42 0, S_0x7fb9a9e350d0;
 .timescale -9 -12;
P_0x7fb9a9e356a0 .param/l "gi" 0 2 42, +C4<0101>;
S_0x7fb9a9e35720 .scope generate, "genblk3[6]" "genblk3[6]" 2 42, 2 42 0, S_0x7fb9a9e350d0;
 .timescale -9 -12;
P_0x7fb9a9e358f0 .param/l "gi" 0 2 42, +C4<0110>;
S_0x7fb9a9e35970 .scope generate, "genblk3[7]" "genblk3[7]" 2 42, 2 42 0, S_0x7fb9a9e350d0;
 .timescale -9 -12;
P_0x7fb9a9e35b20 .param/l "gi" 0 2 42, +C4<0111>;
    .scope S_0x7fb9a9e184c0;
T_0 ;
    %wait E_0x7fb9a9e16bd0;
    %load/vec4 v0x7fb9a9e32c10_0;
    %flag_set/vec4 8;
    %jmp/0xz  T_0.0, 8;
    %load/vec4 v0x7fb9a9e1e200_0;
    %pad/u 12;
    %ix/vec4 4;
    %load/vec4a v0x7fb9a9e32ce0, 4;
    %assign/vec4 v0x7fb9a9e32b80_0, 0;
    %load/vec4 v0x7fb9a9e32d70_0;
    %parti/s 1, 0, 2;
    %flag_set/vec4 8;
    %jmp/0xz  T_0.2, 8;
    %load/vec4 v0x7fb9a9e32af0_0;
    %parti/s 8, 0, 2;
    %load/vec4 v0x7fb9a9e1e200_0;
    %pad/u 12;
    %ix/vec4 3;
    %ix/load 4, 0, 0; Constant delay
    %assign/vec4/a/d v0x7fb9a9e32ce0, 0, 4;
T_0.2 ;
    %load/vec4 v0x7fb9a9e32d70_0;
    %parti/s 1, 1, 2;
    %flag_set/vec4 8;
    %jmp/0xz  T_0.4, 8;
    %load/vec4 v0x7fb9a9e32af0_0;
    %parti/s 8, 8, 5;
    %load/vec4 v0x7fb9a9e1e200_0;
    %pad/u 12;
    %ix/vec4 3;
    %ix/load 4, 8, 0; part off
    %ix/load 5, 0, 0; Constant delay
    %assign/vec4/a/d v0x7fb9a9e32ce0, 4, 5;
T_0.4 ;
    %load/vec4 v0x7fb9a9e32d70_0;
    %parti/s 1, 2, 3;
    %flag_set/vec4 8;
    %jmp/0xz  T_0.6, 8;
    %load/vec4 v0x7fb9a9e32af0_0;
    %parti/s 8, 16, 6;
    %load/vec4 v0x7fb9a9e1e200_0;
    %pad/u 12;
    %ix/vec4 3;
    %ix/load 4, 16, 0; part off
    %ix/load 5, 0, 0; Constant delay
    %assign/vec4/a/d v0x7fb9a9e32ce0, 4, 5;
T_0.6 ;
    %load/vec4 v0x7fb9a9e32d70_0;
    %parti/s 1, 3, 3;
    %flag_set/vec4 8;
    %jmp/0xz  T_0.8, 8;
    %load/vec4 v0x7fb9a9e32af0_0;
    %parti/s 8, 24, 6;
    %load/vec4 v0x7fb9a9e1e200_0;
    %pad/u 12;
    %ix/vec4 3;
    %ix/load 4, 24, 0; part off
    %ix/load 5, 0, 0; Constant delay
    %assign/vec4/a/d v0x7fb9a9e32ce0, 4, 5;
T_0.8 ;
    %jmp T_0.1;
T_0.0 ;
    %pushi/vec4 0, 0, 32;
    %assign/vec4 v0x7fb9a9e32b80_0, 0;
T_0.1 ;
    %jmp T_0;
    .thread T_0;
    .scope S_0x7fb9a9e330d0;
T_1 ;
    %wait E_0x7fb9a9e16bd0;
    %load/vec4 v0x7fb9a9e33790_0;
    %flag_set/vec4 8;
    %jmp/0xz  T_1.0, 8;
    %load/vec4 v0x7fb9a9e33550_0;
    %pad/u 12;
    %ix/vec4 4;
    %load/vec4a v0x7fb9a9e33820, 4;
    %assign/vec4 v0x7fb9a9e33700_0, 0;
    %load/vec4 v0x7fb9a9e338c0_0;
    %parti/s 1, 0, 2;
    %flag_set/vec4 8;
    %jmp/0xz  T_1.2, 8;
    %load/vec4 v0x7fb9a9e33670_0;
    %parti/s 8, 0, 2;
    %load/vec4 v0x7fb9a9e33550_0;
    %pad/u 12;
    %ix/vec4 3;
    %ix/load 4, 0, 0; Constant delay
    %assign/vec4/a/d v0x7fb9a9e33820, 0, 4;
T_1.2 ;
    %load/vec4 v0x7fb9a9e338c0_0;
    %parti/s 1, 1, 2;
    %flag_set/vec4 8;
    %jmp/0xz  T_1.4, 8;
    %load/vec4 v0x7fb9a9e33670_0;
    %parti/s 8, 8, 5;
    %load/vec4 v0x7fb9a9e33550_0;
    %pad/u 12;
    %ix/vec4 3;
    %ix/load 4, 8, 0; part off
    %ix/load 5, 0, 0; Constant delay
    %assign/vec4/a/d v0x7fb9a9e33820, 4, 5;
T_1.4 ;
    %load/vec4 v0x7fb9a9e338c0_0;
    %parti/s 1, 2, 3;
    %flag_set/vec4 8;
    %jmp/0xz  T_1.6, 8;
    %load/vec4 v0x7fb9a9e33670_0;
    %parti/s 8, 16, 6;
    %load/vec4 v0x7fb9a9e33550_0;
    %pad/u 12;
    %ix/vec4 3;
    %ix/load 4, 16, 0; part off
    %ix/load 5, 0, 0; Constant delay
    %assign/vec4/a/d v0x7fb9a9e33820, 4, 5;
T_1.6 ;
    %load/vec4 v0x7fb9a9e338c0_0;
    %parti/s 1, 3, 3;
    %flag_set/vec4 8;
    %jmp/0xz  T_1.8, 8;
    %load/vec4 v0x7fb9a9e33670_0;
    %parti/s 8, 24, 6;
    %load/vec4 v0x7fb9a9e33550_0;
    %pad/u 12;
    %ix/vec4 3;
    %ix/load 4, 24, 0; part off
    %ix/load 5, 0, 0; Constant delay
    %assign/vec4/a/d v0x7fb9a9e33820, 4, 5;
T_1.8 ;
    %jmp T_1.1;
T_1.0 ;
    %pushi/vec4 0, 0, 32;
    %assign/vec4 v0x7fb9a9e33700_0, 0;
T_1.1 ;
    %jmp T_1;
    .thread T_1;
    .scope S_0x7fb9a9e33c40;
T_2 ;
    %wait E_0x7fb9a9e16bd0;
    %load/vec4 v0x7fb9a9e34300_0;
    %flag_set/vec4 8;
    %jmp/0xz  T_2.0, 8;
    %load/vec4 v0x7fb9a9e340c0_0;
    %pad/u 12;
    %ix/vec4 4;
    %load/vec4a v0x7fb9a9e343d0, 4;
    %assign/vec4 v0x7fb9a9e34270_0, 0;
    %load/vec4 v0x7fb9a9e34460_0;
    %parti/s 1, 0, 2;
    %flag_set/vec4 8;
    %jmp/0xz  T_2.2, 8;
    %load/vec4 v0x7fb9a9e341e0_0;
    %parti/s 8, 0, 2;
    %load/vec4 v0x7fb9a9e340c0_0;
    %pad/u 12;
    %ix/vec4 3;
    %ix/load 4, 0, 0; Constant delay
    %assign/vec4/a/d v0x7fb9a9e343d0, 0, 4;
T_2.2 ;
    %load/vec4 v0x7fb9a9e34460_0;
    %parti/s 1, 1, 2;
    %flag_set/vec4 8;
    %jmp/0xz  T_2.4, 8;
    %load/vec4 v0x7fb9a9e341e0_0;
    %parti/s 8, 8, 5;
    %load/vec4 v0x7fb9a9e340c0_0;
    %pad/u 12;
    %ix/vec4 3;
    %ix/load 4, 8, 0; part off
    %ix/load 5, 0, 0; Constant delay
    %assign/vec4/a/d v0x7fb9a9e343d0, 4, 5;
T_2.4 ;
    %load/vec4 v0x7fb9a9e34460_0;
    %parti/s 1, 2, 3;
    %flag_set/vec4 8;
    %jmp/0xz  T_2.6, 8;
    %load/vec4 v0x7fb9a9e341e0_0;
    %parti/s 8, 16, 6;
    %load/vec4 v0x7fb9a9e340c0_0;
    %pad/u 12;
    %ix/vec4 3;
    %ix/load 4, 16, 0; part off
    %ix/load 5, 0, 0; Constant delay
    %assign/vec4/a/d v0x7fb9a9e343d0, 4, 5;
T_2.6 ;
    %load/vec4 v0x7fb9a9e34460_0;
    %parti/s 1, 3, 3;
    %flag_set/vec4 8;
    %jmp/0xz  T_2.8, 8;
    %load/vec4 v0x7fb9a9e341e0_0;
    %parti/s 8, 24, 6;
    %load/vec4 v0x7fb9a9e340c0_0;
    %pad/u 12;
    %ix/vec4 3;
    %ix/load 4, 24, 0; part off
    %ix/load 5, 0, 0; Constant delay
    %assign/vec4/a/d v0x7fb9a9e343d0, 4, 5;
T_2.8 ;
    %jmp T_2.1;
T_2.0 ;
    %pushi/vec4 0, 0, 32;
    %assign/vec4 v0x7fb9a9e34270_0, 0;
T_2.1 ;
    %jmp T_2;
    .thread T_2;
    .scope S_0x7fb9a9e347e0;
T_3 ;
    %wait E_0x7fb9a9e16bd0;
    %load/vec4 v0x7fb9a9e34e90_0;
    %flag_set/vec4 8;
    %jmp/0xz  T_3.0, 8;
    %load/vec4 v0x7fb9a9e34c50_0;
    %pad/u 12;
    %ix/vec4 4;
    %load/vec4a v0x7fb9a9e34f20, 4;
    %assign/vec4 v0x7fb9a9e34e00_0, 0;
    %load/vec4 v0x7fb9a9e34fb0_0;
    %parti/s 1, 0, 2;
    %flag_set/vec4 8;
    %jmp/0xz  T_3.2, 8;
    %load/vec4 v0x7fb9a9e34d70_0;
    %parti/s 8, 0, 2;
    %load/vec4 v0x7fb9a9e34c50_0;
    %pad/u 12;
    %ix/vec4 3;
    %ix/load 4, 0, 0; Constant delay
    %assign/vec4/a/d v0x7fb9a9e34f20, 0, 4;
T_3.2 ;
    %load/vec4 v0x7fb9a9e34fb0_0;
    %parti/s 1, 1, 2;
    %flag_set/vec4 8;
    %jmp/0xz  T_3.4, 8;
    %load/vec4 v0x7fb9a9e34d70_0;
    %parti/s 8, 8, 5;
    %load/vec4 v0x7fb9a9e34c50_0;
    %pad/u 12;
    %ix/vec4 3;
    %ix/load 4, 8, 0; part off
    %ix/load 5, 0, 0; Constant delay
    %assign/vec4/a/d v0x7fb9a9e34f20, 4, 5;
T_3.4 ;
    %load/vec4 v0x7fb9a9e34fb0_0;
    %parti/s 1, 2, 3;
    %flag_set/vec4 8;
    %jmp/0xz  T_3.6, 8;
    %load/vec4 v0x7fb9a9e34d70_0;
    %parti/s 8, 16, 6;
    %load/vec4 v0x7fb9a9e34c50_0;
    %pad/u 12;
    %ix/vec4 3;
    %ix/load 4, 16, 0; part off
    %ix/load 5, 0, 0; Constant delay
    %assign/vec4/a/d v0x7fb9a9e34f20, 4, 5;
T_3.6 ;
    %load/vec4 v0x7fb9a9e34fb0_0;
    %parti/s 1, 3, 3;
    %flag_set/vec4 8;
    %jmp/0xz  T_3.8, 8;
    %load/vec4 v0x7fb9a9e34d70_0;
    %parti/s 8, 24, 6;
    %load/vec4 v0x7fb9a9e34c50_0;
    %pad/u 12;
    %ix/vec4 3;
    %ix/load 4, 24, 0; part off
    %ix/load 5, 0, 0; Constant delay
    %assign/vec4/a/d v0x7fb9a9e34f20, 4, 5;
T_3.8 ;
    %jmp T_3.1;
T_3.0 ;
    %pushi/vec4 0, 0, 32;
    %assign/vec4 v0x7fb9a9e34e00_0, 0;
T_3.1 ;
    %jmp T_3;
    .thread T_3;
# The file index is used to find the file name in the following table.
:file_names 4;
    "N/A";
    "<interactive>";
    "../rtl/IPs/RAM_4Kx32.v";
    "DFFRAM_beh.v";
